# JRE version: Java(TM) SE Runtime Environment (7.0_80-b15) (build 1.7.0_80-b15)
# Java VM: Java HotSpot(TM) 64-Bit Server VM (24.80-b11 mixed mode windows-amd64 compressed oops)
Heap
 PSYoungGen      total 84992K, used 28625K [0x00000000eaa80000, 0x00000000f5080000, 0x0000000100000000)
  eden space 66048K, 15% used [0x00000000eaa80000,0x00000000eb4552d0,0x00000000eeb00000)
  from space 18944K, 97% used [0x00000000f3e00000,0x00000000f501f1c8,0x00000000f5080000)
  to   space 10752K, 0% used [0x00000000eeb00000,0x00000000eeb00000,0x00000000ef580000)
 ParOldGen       total 174080K, used 13210K [0x00000000c0000000, 0x00000000caa00000, 0x00000000eaa80000)
  object space 174080K, 7% used [0x00000000c0000000,0x00000000c0ce6be0,0x00000000caa00000)
 PSPermGen       total 38912K, used 38653K [0x00000000b0000000, 0x00000000b2600000, 0x00000000c0000000)
  object space 38912K, 99% used [0x00000000b0000000,0x00000000b25bf7d0,0x00000000b2600000)
GC Heap History (10 events):
Event: 2.165 GC heap before
{Heap before GC invocations=2 (full 0):
 PSYoungGen      total 76800K, used 74527K [0x00000000eaa80000, 0x00000000f0000000, 0x0000000100000000)
  eden space 66048K, 100% used [0x00000000eaa80000,0x00000000eeb00000,0x00000000eeb00000)
  from space 10752K, 78% used [0x00000000eeb00000,0x00000000ef347e48,0x00000000ef580000)
  to   space 10752K, 0% used [0x00000000ef580000,0x00000000ef580000,0x00000000f0000000)
 ParOldGen       total 174080K, used 8K [0x00000000c0000000, 0x00000000caa00000, 0x00000000eaa80000)
  object space 174080K, 0% used [0x00000000c0000000,0x00000000c0002000,0x00000000caa00000)
 PSPermGen       total 21504K, used 20363K [0x00000000b0000000, 0x00000000b1500000, 0x00000000c0000000)
  object space 21504K, 94% used [0x00000000b0000000,0x00000000b13e2d80,0x00000000b1500000)
Event: 2.175 GC heap after
Heap after GC invocations=2 (full 0):
 PSYoungGen      total 76800K, used 10746K [0x00000000eaa80000, 0x00000000f0000000, 0x0000000100000000)
  eden space 66048K, 0% used [0x00000000eaa80000,0x00000000eaa80000,0x00000000eeb00000)
  from space 10752K, 99% used [0x00000000ef580000,0x00000000efffe8e0,0x00000000f0000000)
  to   space 10752K, 0% used [0x00000000eeb00000,0x00000000eeb00000,0x00000000ef580000)
 ParOldGen       total 174080K, used 1563K [0x00000000c0000000, 0x00000000caa00000, 0x00000000eaa80000)
  object space 174080K, 0% used [0x00000000c0000000,0x00000000c0186c70,0x00000000caa00000)
 PSPermGen       total 21504K, used 20363K [0x00000000b0000000, 0x00000000b1500000, 0x00000000c0000000)
  object space 21504K, 94% used [0x00000000b0000000,0x00000000b13e2d80,0x00000000b1500000)
}
Event: 3.089 GC heap before
{Heap before GC invocations=3 (full 0):
 PSYoungGen      total 76800K, used 76794K [0x00000000eaa80000, 0x00000000f0000000, 0x0000000100000000)
  eden space 66048K, 100% used [0x00000000eaa80000,0x00000000eeb00000,0x00000000eeb00000)
  from space 10752K, 99% used [0x00000000ef580000,0x00000000efffe8e0,0x00000000f0000000)
  to   space 10752K, 0% used [0x00000000eeb00000,0x00000000eeb00000,0x00000000ef580000)
 ParOldGen       total 174080K, used 1563K [0x00000000c0000000, 0x00000000caa00000, 0x00000000eaa80000)
  object space 174080K, 0% used [0x00000000c0000000,0x00000000c0186c70,0x00000000caa00000)
 PSPermGen       total 26112K, used 25791K [0x00000000b0000000, 0x00000000b1980000, 0x00000000c0000000)
  object space 26112K, 98% used [0x00000000b0000000,0x00000000b192fcd8,0x00000000b1980000)
Event: 3.100 GC heap after
Heap after GC invocations=3 (full 0):
 PSYoungGen      total 76800K, used 10741K [0x00000000eaa80000, 0x00000000f0000000, 0x0000000100000000)
  eden space 66048K, 0% used [0x00000000eaa80000,0x00000000eaa80000,0x00000000eeb00000)
  from space 10752K, 99% used [0x00000000eeb00000,0x00000000ef57d650,0x00000000ef580000)
  to   space 10752K, 0% used [0x00000000ef580000,0x00000000ef580000,0x00000000f0000000)
 ParOldGen       total 174080K, used 3741K [0x00000000c0000000, 0x00000000caa00000, 0x00000000eaa80000)
  object space 174080K, 2% used [0x00000000c0000000,0x00000000c03a75e0,0x00000000caa00000)
 PSPermGen       total 26112K, used 25791K [0x00000000b0000000, 0x00000000b1980000, 0x00000000c0000000)
  object space 26112K, 98% used [0x00000000b0000000,0x00000000b192fcd8,0x00000000b1980000)
}
Event: 5.306 GC heap before
{Heap before GC invocations=4 (full 0):
 PSYoungGen      total 76800K, used 76789K [0x00000000eaa80000, 0x00000000f0000000, 0x0000000100000000)
  eden space 66048K, 100% used [0x00000000eaa80000,0x00000000eeb00000,0x00000000eeb00000)
  from space 10752K, 99% used [0x00000000eeb00000,0x00000000ef57d650,0x00000000ef580000)
  to   space 10752K, 0% used [0x00000000ef580000,0x00000000ef580000,0x00000000f0000000)
 ParOldGen       total 174080K, used 3741K [0x00000000c0000000, 0x00000000caa00000, 0x00000000eaa80000)
  object space 174080K, 2% used [0x00000000c0000000,0x00000000c03a75e0,0x00000000caa00000)
 PSPermGen       total 29184K, used 28807K [0x00000000b0000000, 0x00000000b1c80000, 0x00000000c0000000)
  object space 29184K, 98% used [0x00000000b0000000,0x00000000b1c21e68,0x00000000b1c80000)
Event: 5.319 GC heap after
Heap after GC invocations=4 (full 0):
 PSYoungGen      total 76800K, used 10740K [0x00000000eaa80000, 0x00000000f0000000, 0x0000000100000000)
  eden space 66048K, 0% used [0x00000000eaa80000,0x00000000eaa80000,0x00000000eeb00000)
  from space 10752K, 99% used [0x00000000ef580000,0x00000000efffd1a0,0x00000000f0000000)
  to   space 10752K, 0% used [0x00000000eeb00000,0x00000000eeb00000,0x00000000ef580000)
 ParOldGen       total 174080K, used 7100K [0x00000000c0000000, 0x00000000caa00000, 0x00000000eaa80000)
  object space 174080K, 4% used [0x00000000c0000000,0x00000000c06ef3f0,0x00000000caa00000)
 PSPermGen       total 29184K, used 28807K [0x00000000b0000000, 0x00000000b1c80000, 0x00000000c0000000)
  object space 29184K, 98% used [0x00000000b0000000,0x00000000b1c21e68,0x00000000b1c80000)
}
Event: 5.953 GC heap before
{Heap before GC invocations=5 (full 0):
 PSYoungGen      total 76800K, used 76788K [0x00000000eaa80000, 0x00000000f0000000, 0x0000000100000000)
  eden space 66048K, 100% used [0x00000000eaa80000,0x00000000eeb00000,0x00000000eeb00000)
  from space 10752K, 99% used [0x00000000ef580000,0x00000000efffd1a0,0x00000000f0000000)
  to   space 10752K, 0% used [0x00000000eeb00000,0x00000000eeb00000,0x00000000ef580000)
 ParOldGen       total 174080K, used 7100K [0x00000000c0000000, 0x00000000caa00000, 0x00000000eaa80000)
  object space 174080K, 4% used [0x00000000c0000000,0x00000000c06ef3f0,0x00000000caa00000)
 PSPermGen       total 32256K, used 32039K [0x00000000b0000000, 0x00000000b1f80000, 0x00000000c0000000)
  object space 32256K, 99% used [0x00000000b0000000,0x00000000b1f49e48,0x00000000b1f80000)
Event: 5.975 GC heap after
Heap after GC invocations=5 (full 0):
 PSYoungGen      total 76800K, used 10723K [0x00000000eaa80000, 0x00000000f5080000, 0x0000000100000000)
  eden space 66048K, 0% used [0x00000000eaa80000,0x00000000eaa80000,0x00000000eeb00000)
  from space 10752K, 99% used [0x00000000eeb00000,0x00000000ef578e08,0x00000000ef580000)
  to   space 18944K, 0% used [0x00000000f3e00000,0x00000000f3e00000,0x00000000f5080000)
 ParOldGen       total 174080K, used 13210K [0x00000000c0000000, 0x00000000caa00000, 0x00000000eaa80000)
  object space 174080K, 7% used [0x00000000c0000000,0x00000000c0ce6be0,0x00000000caa00000)
 PSPermGen       total 32256K, used 32039K [0x00000000b0000000, 0x00000000b1f80000, 0x00000000c0000000)
  object space 32256K, 99% used [0x00000000b0000000,0x00000000b1f49e48,0x00000000b1f80000)
}
Event: 6.970 GC heap before
{Heap before GC invocations=6 (full 0):
 PSYoungGen      total 76800K, used 76771K [0x00000000eaa80000, 0x00000000f5080000, 0x0000000100000000)
  eden space 66048K, 100% used [0x00000000eaa80000,0x00000000eeb00000,0x00000000eeb00000)
  from space 10752K, 99% used [0x00000000eeb00000,0x00000000ef578e08,0x00000000ef580000)
  to   space 18944K, 0% used [0x00000000f3e00000,0x00000000f3e00000,0x00000000f5080000)
 ParOldGen       total 174080K, used 13210K [0x00000000c0000000, 0x00000000caa00000, 0x00000000eaa80000)
  object space 174080K, 7% used [0x00000000c0000000,0x00000000c0ce6be0,0x00000000caa00000)
 PSPermGen       total 38912K, used 38432K [0x00000000b0000000, 0x00000000b2600000, 0x00000000c0000000)
  object space 38912K, 98% used [0x00000000b0000000,0x00000000b25880b0,0x00000000b2600000)
Event: 6.987 GC heap after
Heap after GC invocations=6 (full 0):
 PSYoungGen      total 84992K, used 18556K [0x00000000eaa80000, 0x00000000f5080000, 0x0000000100000000)
  eden space 66048K, 0% used [0x00000000eaa80000,0x00000000eaa80000,0x00000000eeb00000)
  from space 18944K, 97% used [0x00000000f3e00000,0x00000000f501f1c8,0x00000000f5080000)
  to   space 10752K, 0% used [0x00000000eeb00000,0x00000000eeb00000,0x00000000ef580000)
 ParOldGen       total 174080K, used 13210K [0x00000000c0000000, 0x00000000caa00000, 0x00000000eaa80000)
  object space 174080K, 7% used [0x00000000c0000000,0x00000000c0ce6be0,0x00000000caa00000)
 PSPermGen       total 38912K, used 38432K [0x00000000b0000000, 0x00000000b2600000, 0x00000000c0000000)
  object space 38912K, 98% used [0x00000000b0000000,0x00000000b25880b0,0x00000000b2600000)
}

